c:\users\ga1b\desktop\ゲーム数学課題\ゲーム数学課題\debug\vc142.pdb
c:\users\ga1b\desktop\ゲーム数学課題\ゲーム数学課題\debug\vc142.idb
c:\users\ga1b\desktop\ゲーム数学課題\ゲーム数学課題\debug\scenemain.obj
c:\users\ga1b\desktop\ゲーム数学課題\ゲーム数学課題\debug\gazou.obj
c:\users\ga1b\desktop\ゲーム数学課題\ゲーム数学課題\debug\wininputs.obj
c:\users\ga1b\desktop\ゲーム数学課題\ゲーム数学課題\debug\userdata.obj
c:\users\ga1b\desktop\ゲーム数学課題\ゲーム数学課題\debug\setwindow.obj
c:\users\ga1b\desktop\ゲーム数学課題\ゲーム数学課題\debug\sceneobjmanager.obj
c:\users\ga1b\desktop\ゲーム数学課題\ゲーム数学課題\debug\scenemanager.obj
c:\users\ga1b\desktop\ゲーム数学課題\ゲーム数学課題\debug\multithread.obj
c:\users\ga1b\desktop\ゲーム数学課題\ゲーム数学課題\debug\hitboxmanager.obj
c:\users\ga1b\desktop\ゲーム数学課題\ゲーム数学課題\debug\gamel_main.obj
c:\users\ga1b\desktop\ゲーム数学課題\ゲーム数学課題\debug\drawtexture.obj
c:\users\ga1b\desktop\ゲーム数学課題\ゲーム数学課題\debug\drawfont.obj
c:\users\ga1b\desktop\ゲーム数学課題\ゲーム数学課題\debug\draw2dtex_source.obj
c:\users\ga1b\desktop\ゲーム数学課題\ゲーム数学課題\debug\directxdevice.obj
c:\users\ga1b\desktop\ゲーム数学課題\ゲーム数学課題\debug\audio.obj
c:\users\ga1b\desktop\ゲーム数学課題\ゲーム数学課題\debug\nigigen.obj
c:\users\ga1b\desktop\ゲーム数学課題\ゲーム数学課題\debug\function.obj
c:\users\ga1b\desktop\ゲーム数学課題\ゲーム数学課題\debug\ball2.obj
c:\users\ga1b\desktop\ゲーム数学課題\debug\ゲーム数学課題.exe
c:\users\ga1b\desktop\ゲーム数学課題\debug\ゲーム数学課題.ilk
c:\users\ga1b\desktop\ゲーム数学課題\debug\ゲーム数学課題.pdb
c:\users\ga1b\desktop\ゲーム数学課題\ゲーム数学課題\debug\ゲーム数学課題.tlog\cl.command.1.tlog
c:\users\ga1b\desktop\ゲーム数学課題\ゲーム数学課題\debug\ゲーム数学課題.tlog\cl.read.1.tlog
c:\users\ga1b\desktop\ゲーム数学課題\ゲーム数学課題\debug\ゲーム数学課題.tlog\cl.write.1.tlog
c:\users\ga1b\desktop\ゲーム数学課題\ゲーム数学課題\debug\ゲーム数学課題.tlog\link.command.1.tlog
c:\users\ga1b\desktop\ゲーム数学課題\ゲーム数学課題\debug\ゲーム数学課題.tlog\link.read.1.tlog
c:\users\ga1b\desktop\ゲーム数学課題\ゲーム数学課題\debug\ゲーム数学課題.tlog\link.write.1.tlog
